2023-07-13 23:06:14[ INFO ]-----------------------------------------------------------------
2023-07-13 23:06:14[ INFO ]>>测试项目查询成功情况
2023-07-13 23:06:14[ INFO ][ProjectEntity(id=283dcf241cf245aea824dc10bbb3d680, userId=8ceeee2995f3459ba1955f85245dc7a5, projectName=项目一, projectContent=项目一描述, createdBy=admin, creationDate=Wed Sep 23 20:27:42 CST 2020, lastUpdatedBy=admin, lastUpdateDate=Wed Sep 23 20:27:59 CST 2020)]
2023-07-13 23:06:14[ INFO ]>>加载成功
2023-07-13 23:06:14[ INFO ]-----------------------------------------------------------------
2023-07-13 23:06:14[ INFO ]>>测试项目查询失败情况
2023-07-13 23:06:14[ INFO ][]
2023-07-13 23:06:14[ INFO ]>>加载失败
2023-07-13 23:06:14[ INFO ]-----------------------------------------------------------------
2023-07-13 23:06:14[ INFO ]>>测试用户添加成功情况
2023-07-13 23:06:14[ INFO ]1
2023-07-13 23:06:14[ INFO ]>>创建成功
2023-07-13 23:06:14[ INFO ]-----------------------------------------------------------------
2023-07-13 23:06:14[ INFO ]>>测试用户添加失败情况
2023-07-13 23:06:14[ INFO ]1
2023-07-13 23:06:14[ INFO ]>>创建成功
2023-07-13 23:06:14[ INFO ]-----------------------------------------------------------------
2023-07-13 23:06:14[ INFO ]>>测试项目添加成功情况
2023-07-13 23:06:14[ INFO ]1
2023-07-13 23:06:14[ INFO ]>>创建成功
2023-07-13 23:06:14[ INFO ]-----------------------------------------------------------------
2023-07-13 23:06:14[ INFO ]>>测试项目添加失败情况
2023-07-13 23:06:14[ INFO ]0
2023-07-13 23:06:14[ INFO ]>>创建失败或项目名已存在
2023-07-13 23:06:14[ INFO ]-----------------------------------------------------------------
2023-07-13 23:06:14[ INFO ]>>测试用户修改成功情况
2023-07-13 23:06:14[ INFO ]1
2023-07-13 23:06:14[ INFO ]>>修改成功
2023-07-13 23:06:14[ INFO ]-----------------------------------------------------------------
2023-07-13 23:06:14[ INFO ]>>测试用户修改失败情况
2023-07-13 23:06:14[ INFO ]0
2023-07-13 23:06:14[ INFO ]>>修改失败
2023-07-13 23:06:14[ INFO ]-----------------------------------------------------------------
2023-07-13 23:06:14[ INFO ]>>测试用户查询成功情况
2023-07-13 23:06:14[ INFO ][UserEntity(id=02268d99706f4901adddd4972bf087bf, username=admin, password=123, startTime=Thu Jun 22 19:06:00 CST 2023, stopTime=Mon Jan 01 00:01:00 CST 2024, status=1, createdBy=null, creationDate=null, lastUpdatedBy=null, lastUpdateDate=null)]
2023-07-13 23:06:14[ INFO ]>>加载成功
2023-07-13 23:06:14[ INFO ]-----------------------------------------------------------------
2023-07-13 23:06:14[ INFO ]>>测试用户查询失败情况
2023-07-13 23:06:14[ INFO ][]
2023-07-13 23:06:14[ INFO ]>>加载失败
2023-07-13 23:06:14[ INFO ]-----------------------------------------------------------------
2023-07-13 23:06:14[ INFO ]>>测试关闭成功情况
2023-07-13 23:06:14[ INFO ]1
2023-07-13 23:06:14[ INFO ]>>关闭成功
2023-07-13 23:06:14[ INFO ]-----------------------------------------------------------------
2023-07-13 23:06:14[ INFO ]>>测试关闭失败情况
2023-07-13 23:06:14[ INFO ]0
2023-07-13 23:06:14[ INFO ]>>关闭失败
2023-07-13 23:06:14[ INFO ]-----------------------------------------------------------------
2023-07-13 23:06:14[ INFO ]>>测试用户删除成功情况
2023-07-13 23:06:14[ INFO ]1
2023-07-13 23:06:14[ INFO ]>>删除成功
2023-07-13 23:06:14[ INFO ]-----------------------------------------------------------------
2023-07-13 23:06:14[ INFO ]>>测试用户删除失败情况
2023-07-13 23:06:14[ INFO ]0
2023-07-13 23:06:14[ INFO ]>>删除失败
2023-07-13 23:06:14[ INFO ]-----------------------------------------------------------------
2023-07-13 23:06:14[ INFO ]>>测试项目修改成功情况
2023-07-13 23:06:14[ INFO ]1
2023-07-13 23:06:14[ INFO ]>>修改成功
2023-07-13 23:06:14[ INFO ]-----------------------------------------------------------------
2023-07-13 23:06:14[ INFO ]>>测试项目修改失败情况
2023-07-13 23:06:14[ INFO ]0
2023-07-13 23:06:14[ INFO ]>>修改失败
2023-07-13 23:06:14[ INFO ]-----------------------------------------------------------------
2023-07-13 23:06:14[ INFO ]>>测试登录成功情况
2023-07-13 23:06:14[ INFO ][UserEntity(id=02268d99706f4901adddd4972bf087bf, username=admin, password=123, startTime=null, stopTime=null, status=1, createdBy=null, creationDate=null, lastUpdatedBy=null, lastUpdateDate=null)]
2023-07-13 23:06:14[ INFO ]>>登录成功
2023-07-13 23:06:14[ INFO ]-----------------------------------------------------------------
2023-07-13 23:06:14[ INFO ]>>测试登录失败情况
2023-07-13 23:06:14[ INFO ][]
2023-07-13 23:06:14[ INFO ]>>登录失败
2023-07-13 23:06:14[ INFO ]-----------------------------------------------------------------
2023-07-13 23:06:14[ INFO ]>>测试项目删除成功情况
2023-07-13 23:06:14[ INFO ]0
2023-07-13 23:06:14[ INFO ]>>删除失败
2023-07-13 23:06:14[ INFO ]-----------------------------------------------------------------
2023-07-13 23:06:14[ INFO ]>>测试项目删除失败情况
2023-07-13 23:06:14[ INFO ]0
2023-07-13 23:06:14[ INFO ]>>删除失败
